Using pre-set license
Built from '2020.3/staging' branch; Version is '2020.3.29f1 (2ff179115da0) revision 3142009'; Using compiler version '192528614'; Build Type 'Release'
OS: 'Windows 10  (10.0.19042) 64bit Professional' Language: 'es' Physical Memory: 32719 MB
BatchMode: 1, IsHumanControllingUs: 0, StartBugReporterOnCrash: 0, Is64bit: 1, IsPro: 0

COMMAND LINE ARGUMENTS:
E:\Unity\Unity Hub\2020.3.29f1\Editor\Unity.exe
-adb2
-batchMode
-noUpm
-name
AssetImportWorker0
-projectPath
F:/WorkSpace Unity/Saltitos_Entrega1
-logFile
Logs/AssetImportWorker0.log
-srvPort
52801
Successfully changed project path to: F:/WorkSpace Unity/Saltitos_Entrega1
F:/WorkSpace Unity/Saltitos_Entrega1
Using Asset Import Pipeline V2.
Refreshing native plugins compatible for Editor in 48.23 ms, found 3 plugins.
Preloading 0 native plugins for Editor in 0.00 ms.
Initialize engine version: 2020.3.29f1 (2ff179115da0)
[Subsystems] Discovering subsystems at path E:/Unity/Unity Hub/2020.3.29f1/Editor/Data/Resources/UnitySubsystems
[Subsystems] Discovering subsystems at path F:/WorkSpace Unity/Saltitos_Entrega1/Assets
GfxDevice: creating device client; threaded=0
Direct3D:
    Version:  Direct3D 11.0 [level 11.1]
    Renderer: NVIDIA GeForce GTX 1050 Ti (ID=0x1c82)
    Vendor:   
    VRAM:     4018 MB
    Driver:   27.21.14.6627
Initialize mono
Mono path[0] = 'E:/Unity/Unity Hub/2020.3.29f1/Editor/Data/Managed'
Mono path[1] = 'E:/Unity/Unity Hub/2020.3.29f1/Editor/Data/MonoBleedingEdge/lib/mono/unityjit'
Mono config path = 'E:/Unity/Unity Hub/2020.3.29f1/Editor/Data/MonoBleedingEdge/etc'
Using monoOptions --debugger-agent=transport=dt_socket,embedding=1,server=y,suspend=n,address=127.0.0.1:56292
Begin MonoManager ReloadAssembly
Registering precompiled unity dll's ...
Register platform support module: E:/Unity/Unity Hub/2020.3.29f1/Editor/Data/PlaybackEngines/WebGLSupport/UnityEditor.WebGL.Extensions.dll
Register platform support module: E:/Unity/Unity Hub/2020.3.29f1/Editor/Data/PlaybackEngines/WindowsStandaloneSupport/UnityEditor.WindowsStandalone.Extensions.dll
Registered in 0.001274 seconds.
Native extension for WindowsStandalone target not found
Native extension for WebGL target not found
Refreshing native plugins compatible for Editor in 48.28 ms, found 3 plugins.
Preloading 0 native plugins for Editor in 0.00 ms.
Mono: successfully reloaded assembly
- Completed reload, in  0.589 seconds
Domain Reload Profiling:
	ReloadAssembly (589ms)
		BeginReloadAssembly (58ms)
			ExecutionOrderSort (0ms)
			DisableScriptedObjects (0ms)
			BackupInstance (0ms)
			ReleaseScriptingObjects (0ms)
			CreateAndSetChildDomain (1ms)
		EndReloadAssembly (462ms)
			LoadAssemblies (58ms)
			RebuildTransferFunctionScriptingTraits (0ms)
			SetupTypeCache (152ms)
			ReleaseScriptCaches (0ms)
			RebuildScriptCaches (32ms)
			SetupLoadedEditorAssemblies (177ms)
				LogAssemblyErrors (0ms)
				InitializePlatformSupportModulesInManaged (5ms)
				SetLoadedEditorAssemblies (0ms)
				RefreshPlugins (48ms)
				BeforeProcessingInitializeOnLoad (8ms)
				ProcessInitializeOnLoadAttributes (86ms)
				ProcessInitializeOnLoadMethodAttributes (29ms)
				AfterProcessingInitializeOnLoad (0ms)
				EditorAssembliesLoaded (0ms)
			ExecutionOrderSort2 (0ms)
			AwakeInstancesAfterBackupRestoration (0ms)
Platform modules already initialized, skipping
Registering precompiled user dll's ...
Registered in 0.002166 seconds.
Begin MonoManager ReloadAssembly
Native extension for WindowsStandalone target not found
Native extension for WebGL target not found
Refreshing native plugins compatible for Editor in 47.58 ms, found 3 plugins.
Preloading 0 native plugins for Editor in 0.00 ms.
Mono: successfully reloaded assembly
- Completed reload, in  1.079 seconds
Domain Reload Profiling:
	ReloadAssembly (1080ms)
		BeginReloadAssembly (143ms)
			ExecutionOrderSort (0ms)
			DisableScriptedObjects (5ms)
			BackupInstance (0ms)
			ReleaseScriptingObjects (0ms)
			CreateAndSetChildDomain (18ms)
		EndReloadAssembly (878ms)
			LoadAssemblies (92ms)
			RebuildTransferFunctionScriptingTraits (0ms)
			SetupTypeCache (292ms)
			ReleaseScriptCaches (1ms)
			RebuildScriptCaches (47ms)
			SetupLoadedEditorAssemblies (326ms)
				LogAssemblyErrors (0ms)
				InitializePlatformSupportModulesInManaged (4ms)
				SetLoadedEditorAssemblies (0ms)
				RefreshPlugins (48ms)
				BeforeProcessingInitializeOnLoad (63ms)
				ProcessInitializeOnLoadAttributes (192ms)
				ProcessInitializeOnLoadMethodAttributes (17ms)
				AfterProcessingInitializeOnLoad (2ms)
				EditorAssembliesLoaded (0ms)
			ExecutionOrderSort2 (0ms)
			AwakeInstancesAfterBackupRestoration (7ms)
Platform modules already initialized, skipping
========================================================================
Worker process is ready to serve import requests
Launched and connected shader compiler UnityShaderCompiler.exe after 0.05 seconds
Refreshing native plugins compatible for Editor in 0.51 ms, found 3 plugins.
Preloading 0 native plugins for Editor in 0.00 ms.
Unloading 2197 Unused Serialized files (Serialized files now loaded: 0)
System memory in use before: 95.8 MB.
System memory in use after: 95.8 MB.

Unloading 30 unused Assets to reduce memory usage. Loaded Objects now: 2628.
Total: 3.357300 ms (FindLiveObjects: 0.203700 ms CreateObjectMapping: 0.054100 ms MarkObjects: 2.952400 ms  DeleteObjects: 0.146000 ms)

AssetImportParameters requested are different than current active one (requested -> active):
  custom:framework-win-MediaFoundation: 216162199b28c13a410421893ffa2e32 -> 
  custom:video-decoder-ogg-theora: a1e56fd34408186e4bbccfd4996cb3dc -> 
  custom:container-muxer-webm: aa71ff27fc2769a1b78a27578f13a17b -> 
  custom:container-demuxer-webm: 4f35f7cbe854078d1ac9338744f61a02 -> 
  custom:container-demuxer-ogg: 62fdf1f143b41e24485cea50d1cbac27 -> 
  custom:video-encoder-webm-vp8: eb34c28f22e8b96e1ab97ce403110664 -> 
  custom:video-decoder-webm-vp8: 9c59270c3fd7afecdb556c50c9e8de78 -> 
  custom:audio-decoder-ogg-vorbis: bf7c407c2cedff20999df2af8eb42d56 -> 
  custom:audio-encoder-webm-vorbis: bf7c407c2cedff20999df2af8eb42d56 -> 
========================================================================
Received Import Request.
  path: Assets/Free Pixel Space Platform Pack/Tiles/TileUp.png
  artifactKey: Guid(17e40cecbd93db641ada5f1e038c89ed) Importer(815301076,1909f56bfc062723c751e8b465ee728b)
Start importing Assets/Free Pixel Space Platform Pack/Tiles/TileUp.png using Guid(17e40cecbd93db641ada5f1e038c89ed) Importer(815301076,1909f56bfc062723c751e8b465ee728b)  -> (artifact id: 'da879b4a5d214cb7ff71ff8e84cf3b11') in 0.099556 seconds 
  Import took 0.102859 seconds .

========================================================================
Received Import Request.
  Time since last request: 0.001996 seconds.
  path: Assets/Free Pixel Space Platform Pack/Tiles/TileLeft.png
  artifactKey: Guid(6a76e32b09013ab438a77b41d382d353) Importer(815301076,1909f56bfc062723c751e8b465ee728b)
Start importing Assets/Free Pixel Space Platform Pack/Tiles/TileLeft.png using Guid(6a76e32b09013ab438a77b41d382d353) Importer(815301076,1909f56bfc062723c751e8b465ee728b)  -> (artifact id: '195a66f2fb7b13dafd9ad04fcace932e') in 0.016442 seconds 
  Import took 0.019753 seconds .

========================================================================
Received Import Request.
  Time since last request: 0.001892 seconds.
  path: Assets/Free Pixel Space Platform Pack/Spikes/Spike_04.png
  artifactKey: Guid(9a80b48bb9ff266408fd34f946cae49c) Importer(815301076,1909f56bfc062723c751e8b465ee728b)
Start importing Assets/Free Pixel Space Platform Pack/Spikes/Spike_04.png using Guid(9a80b48bb9ff266408fd34f946cae49c) Importer(815301076,1909f56bfc062723c751e8b465ee728b)  -> (artifact id: '89f9ad81352ae51785cd032abdf18fc4') in 0.014027 seconds 
  Import took 0.017357 seconds .

========================================================================
Received Import Request.
  Time since last request: 0.041518 seconds.
  path: Assets/Free Pixel Space Platform Pack/Plants/VioletMushroom_01.png
  artifactKey: Guid(91b8dcd8b97f858439485b63a6278b62) Importer(815301076,1909f56bfc062723c751e8b465ee728b)
Start importing Assets/Free Pixel Space Platform Pack/Plants/VioletMushroom_01.png using Guid(91b8dcd8b97f858439485b63a6278b62) Importer(815301076,1909f56bfc062723c751e8b465ee728b)  -> (artifact id: 'fbd57f8428518eebfd01d70d6e95bcae') in 0.013326 seconds 
  Import took 0.016864 seconds .

========================================================================
Received Import Request.
  Time since last request: 0.004704 seconds.
  path: Assets/Free Pixel Space Platform Pack/Plants/VioletTree_03.png
  artifactKey: Guid(d7c4331171b8f1d4da407a4bd6d4f8f4) Importer(815301076,1909f56bfc062723c751e8b465ee728b)
Start importing Assets/Free Pixel Space Platform Pack/Plants/VioletTree_03.png using Guid(d7c4331171b8f1d4da407a4bd6d4f8f4) Importer(815301076,1909f56bfc062723c751e8b465ee728b)  -> (artifact id: 'bb79d0c7ebb0b8f2c7461c8841dd9d4e') in 0.012669 seconds 
  Import took 0.015955 seconds .

========================================================================
Received Import Request.
  Time since last request: 0.005937 seconds.
  path: Assets/Free Pixel Space Platform Pack/Plants
  artifactKey: Guid(5b424c2ec79f32641b8579ba8aebd0bc) Importer(815301076,1909f56bfc062723c751e8b465ee728b)
Start importing Assets/Free Pixel Space Platform Pack/Plants using Guid(5b424c2ec79f32641b8579ba8aebd0bc) Importer(815301076,1909f56bfc062723c751e8b465ee728b)  -> (artifact id: 'fddd82562473dce4b093862262e4f9d5') in 0.005651 seconds 
  Import took 0.009059 seconds .

========================================================================
Received Import Request.
  Time since last request: 0.002773 seconds.
  path: Assets/Free Pixel Space Platform Pack
  artifactKey: Guid(d63f7421ffe50614a8c71910cebc08e6) Importer(815301076,1909f56bfc062723c751e8b465ee728b)
Start importing Assets/Free Pixel Space Platform Pack using Guid(d63f7421ffe50614a8c71910cebc08e6) Importer(815301076,1909f56bfc062723c751e8b465ee728b)  -> (artifact id: '27ba18ebf7b4c9271882c16004708a8a') in 0.005311 seconds 
  Import took 0.008884 seconds .

========================================================================
Received Import Request.
  Time since last request: 0.004358 seconds.
  path: Assets/Free Pixel Space Platform Pack/Plants/GreenTree_03.png
  artifactKey: Guid(6b7a70471676896428a5f414f73c2134) Importer(815301076,1909f56bfc062723c751e8b465ee728b)
Start importing Assets/Free Pixel Space Platform Pack/Plants/GreenTree_03.png using Guid(6b7a70471676896428a5f414f73c2134) Importer(815301076,1909f56bfc062723c751e8b465ee728b)  -> (artifact id: 'a99e67e3ef7eb9f7f98ff21dc054f87e') in 0.022671 seconds 
  Import took 0.025882 seconds .

========================================================================
Received Import Request.
  Time since last request: 0.003186 seconds.
  path: Assets/Free Pixel Space Platform Pack/Tiles
  artifactKey: Guid(a0d815329c8e65740ac96703b0230571) Importer(815301076,1909f56bfc062723c751e8b465ee728b)
Start importing Assets/Free Pixel Space Platform Pack/Tiles using Guid(a0d815329c8e65740ac96703b0230571) Importer(815301076,1909f56bfc062723c751e8b465ee728b)  -> (artifact id: 'afcc4444d15cb9134fb9113a41d910a5') in 0.005431 seconds 
  Import took 0.008530 seconds .

========================================================================
Received Import Request.
  Time since last request: 0.005405 seconds.
  path: Assets/Free Pixel Space Platform Pack/Plants/VioletMushroom_02.png
  artifactKey: Guid(9cd9401400962034eb249e1823bc1917) Importer(815301076,1909f56bfc062723c751e8b465ee728b)
Start importing Assets/Free Pixel Space Platform Pack/Plants/VioletMushroom_02.png using Guid(9cd9401400962034eb249e1823bc1917) Importer(815301076,1909f56bfc062723c751e8b465ee728b)  -> (artifact id: 'cb698b0b0e6136dd95ba8e671e5cb756') in 0.013667 seconds 
  Import took 0.017350 seconds .

========================================================================
Received Import Request.
  Time since last request: 0.003237 seconds.
  path: Assets/Free Pixel Space Platform Pack/Ladders
  artifactKey: Guid(96cd09886ef21d94ba1637fa8e29ee20) Importer(815301076,1909f56bfc062723c751e8b465ee728b)
Start importing Assets/Free Pixel Space Platform Pack/Ladders using Guid(96cd09886ef21d94ba1637fa8e29ee20) Importer(815301076,1909f56bfc062723c751e8b465ee728b)  -> (artifact id: 'f80f6dad99d3aba69fe94cf509c0ca18') in 0.005195 seconds 
  Import took 0.008682 seconds .

========================================================================
Received Import Request.
  Time since last request: 0.004397 seconds.
  path: Assets/Free Pixel Space Platform Pack/Spikes/Spike_03.png
  artifactKey: Guid(f9ca9e3ba4deed54988fe281e5ccf4ef) Importer(815301076,1909f56bfc062723c751e8b465ee728b)
Start importing Assets/Free Pixel Space Platform Pack/Spikes/Spike_03.png using Guid(f9ca9e3ba4deed54988fe281e5ccf4ef) Importer(815301076,1909f56bfc062723c751e8b465ee728b)  -> (artifact id: 'b4b84d72ecce799b1ec372de04308fc4') in 0.012167 seconds 
  Import took 0.015433 seconds .

========================================================================
Received Import Request.
  Time since last request: 0.004880 seconds.
  path: Assets/Free Pixel Space Platform Pack/Scene/Demo.unity
  artifactKey: Guid(30c41cc99e3585b498c76cd3ca410b7d) Importer(815301076,1909f56bfc062723c751e8b465ee728b)
Start importing Assets/Free Pixel Space Platform Pack/Scene/Demo.unity using Guid(30c41cc99e3585b498c76cd3ca410b7d) Importer(815301076,1909f56bfc062723c751e8b465ee728b)  -> (artifact id: 'e896518d3ac8168ff9524b0a62e08f2c') in 0.005760 seconds 
  Import took 0.008972 seconds .

========================================================================
Received Import Request.
  Time since last request: 0.004359 seconds.
  path: Assets/Free Pixel Space Platform Pack/Tiles/TileDown.png
  artifactKey: Guid(d2a5aa6ad9ecd36438e3d96c46673937) Importer(815301076,1909f56bfc062723c751e8b465ee728b)
Start importing Assets/Free Pixel Space Platform Pack/Tiles/TileDown.png using Guid(d2a5aa6ad9ecd36438e3d96c46673937) Importer(815301076,1909f56bfc062723c751e8b465ee728b)  -> (artifact id: '04ae854b5f89e5744173ff3a0e23ee44') in 0.013875 seconds 
  Import took 0.017607 seconds .

========================================================================
Received Import Request.
  Time since last request: 0.005054 seconds.
  path: Assets/Free Pixel Space Platform Pack/Tiles/TileFull.png
  artifactKey: Guid(81798902eea5e0c4caab6112ba05f783) Importer(815301076,1909f56bfc062723c751e8b465ee728b)
Start importing Assets/Free Pixel Space Platform Pack/Tiles/TileFull.png using Guid(81798902eea5e0c4caab6112ba05f783) Importer(815301076,1909f56bfc062723c751e8b465ee728b)  -> (artifact id: 'bdcd5ae7a9c51fcf808ef8fb1e6a37b9') in 0.012381 seconds 
  Import took 0.016023 seconds .

========================================================================
Received Import Request.
  Time since last request: 0.003189 seconds.
  path: Assets/Free Pixel Space Platform Pack/Boxes
  artifactKey: Guid(4784346a78de7724cb638031b35a7277) Importer(815301076,1909f56bfc062723c751e8b465ee728b)
Start importing Assets/Free Pixel Space Platform Pack/Boxes using Guid(4784346a78de7724cb638031b35a7277) Importer(815301076,1909f56bfc062723c751e8b465ee728b)  -> (artifact id: '968f6b311bd249820cb347501d9b1775') in 0.005274 seconds 
  Import took 0.008531 seconds .

========================================================================
Received Import Request.
  Time since last request: 0.003072 seconds.
  path: Assets/Free Pixel Space Platform Pack/Background
  artifactKey: Guid(e12c2345565a9ba44b58fb655e1989cf) Importer(815301076,1909f56bfc062723c751e8b465ee728b)
Start importing Assets/Free Pixel Space Platform Pack/Background using Guid(e12c2345565a9ba44b58fb655e1989cf) Importer(815301076,1909f56bfc062723c751e8b465ee728b)  -> (artifact id: '57befa0533963dff4fd4c5b595f4f138') in 0.005954 seconds 
  Import took 0.009129 seconds .

========================================================================
Received Import Request.
  Time since last request: 0.013841 seconds.
  path: Assets/Free Pixel Space Platform Pack/Stones/Stone_01.png
  artifactKey: Guid(debef134526346940b471883e36516ad) Importer(815301076,1909f56bfc062723c751e8b465ee728b)
Start importing Assets/Free Pixel Space Platform Pack/Stones/Stone_01.png using Guid(debef134526346940b471883e36516ad) Importer(815301076,1909f56bfc062723c751e8b465ee728b)  -> (artifact id: '202347edf3170660dc0ae55d0f767636') in 0.013706 seconds 
  Import took 0.016985 seconds .

========================================================================
Received Import Request.
  Time since last request: 0.004579 seconds.
  path: Assets/Free Pixel Space Platform Pack/Tiles/RightSteps.png
  artifactKey: Guid(fe3f133074dcf2a4b9f89535360ad89f) Importer(815301076,1909f56bfc062723c751e8b465ee728b)
Start importing Assets/Free Pixel Space Platform Pack/Tiles/RightSteps.png using Guid(fe3f133074dcf2a4b9f89535360ad89f) Importer(815301076,1909f56bfc062723c751e8b465ee728b)  -> (artifact id: '1d01949ef8f3379839c7541630a1309b') in 0.012557 seconds 
  Import took 0.015825 seconds .

========================================================================
Received Import Request.
  Time since last request: 0.040276 seconds.
  path: Assets/Free Pixel Space Platform Pack/Stones
  artifactKey: Guid(c9c1d1b07d7e0b1479cc184eee55f906) Importer(815301076,1909f56bfc062723c751e8b465ee728b)
Start importing Assets/Free Pixel Space Platform Pack/Stones using Guid(c9c1d1b07d7e0b1479cc184eee55f906) Importer(815301076,1909f56bfc062723c751e8b465ee728b)  -> (artifact id: '6f6decd536f0556200642874df9036e9') in 0.005053 seconds 
  Import took 0.008781 seconds .

========================================================================
Received Import Request.
  Time since last request: 0.005330 seconds.
  path: Assets/Free Pixel Space Platform Pack/Plants/GreenTree_01.png
  artifactKey: Guid(1fd6c0bea09fddd499980688c890931a) Importer(815301076,1909f56bfc062723c751e8b465ee728b)
Start importing Assets/Free Pixel Space Platform Pack/Plants/GreenTree_01.png using Guid(1fd6c0bea09fddd499980688c890931a) Importer(815301076,1909f56bfc062723c751e8b465ee728b)  -> (artifact id: '6ede2d9007f00d27151502d83aafb4ad') in 0.012313 seconds 
  Import took 0.015967 seconds .

========================================================================
Received Import Request.
  Time since last request: 0.004749 seconds.
  path: Assets/Free Pixel Space Platform Pack/Plants/GreenTree_02.png
  artifactKey: Guid(94f96ef6adad1744a814e6b8ece0ec8d) Importer(815301076,1909f56bfc062723c751e8b465ee728b)
Start importing Assets/Free Pixel Space Platform Pack/Plants/GreenTree_02.png using Guid(94f96ef6adad1744a814e6b8ece0ec8d) Importer(815301076,1909f56bfc062723c751e8b465ee728b)  -> (artifact id: '7534e594a8e0456de5e124e9ca042784') in 0.013810 seconds 
  Import took 0.017171 seconds .

========================================================================
Received Import Request.
  Time since last request: 0.006751 seconds.
  path: Assets/Free Pixel Space Platform Pack/Tiles/LeftSteps.png
  artifactKey: Guid(2e95defa14adf5e41b37eebf7a7db3ee) Importer(815301076,1909f56bfc062723c751e8b465ee728b)
Start importing Assets/Free Pixel Space Platform Pack/Tiles/LeftSteps.png using Guid(2e95defa14adf5e41b37eebf7a7db3ee) Importer(815301076,1909f56bfc062723c751e8b465ee728b)  -> (artifact id: '7621c178204f6fcc1aff76edf11941b0') in 0.012207 seconds 
  Import took 0.015950 seconds .

========================================================================
Received Import Request.
  Time since last request: 0.004948 seconds.
  path: Assets/Scenes/SampleScene.unity
  artifactKey: Guid(2cda990e2423bbf4892e6590ba056729) Importer(815301076,1909f56bfc062723c751e8b465ee728b)
Start importing Assets/Scenes/SampleScene.unity using Guid(2cda990e2423bbf4892e6590ba056729) Importer(815301076,1909f56bfc062723c751e8b465ee728b)  -> (artifact id: 'd54ffea67c50ccea167c6f0ae0deda10') in 0.006032 seconds 
  Import took 0.009292 seconds .

========================================================================
Received Import Request.
  Time since last request: 0.002771 seconds.
  path: Assets/Free Pixel Space Platform Pack/Lever
  artifactKey: Guid(d79906e062bc82d49bad94532ae7b1ae) Importer(815301076,1909f56bfc062723c751e8b465ee728b)
Start importing Assets/Free Pixel Space Platform Pack/Lever using Guid(d79906e062bc82d49bad94532ae7b1ae) Importer(815301076,1909f56bfc062723c751e8b465ee728b)  -> (artifact id: '06a507d82aabd287e41cfd22fb56a2a6') in 0.005439 seconds 
  Import took 0.008633 seconds .

========================================================================
Received Import Request.
  Time since last request: 0.012587 seconds.
  path: Assets/Free Pixel Space Platform Pack/Plants/VioletTree_01.png
  artifactKey: Guid(0ea2d438142d63f4da9a3d26c09921a0) Importer(815301076,1909f56bfc062723c751e8b465ee728b)
Start importing Assets/Free Pixel Space Platform Pack/Plants/VioletTree_01.png using Guid(0ea2d438142d63f4da9a3d26c09921a0) Importer(815301076,1909f56bfc062723c751e8b465ee728b)  -> (artifact id: '47c01b87381a018d8d6db6ebc3f55306') in 0.013375 seconds 
  Import took 0.016710 seconds .

========================================================================
Received Import Request.
  Time since last request: 0.004717 seconds.
  path: Assets/Free Pixel Space Platform Pack/Spikes/Spike_01.png
  artifactKey: Guid(2bf6f07b07a95fa4b82d50ebaa4d46c2) Importer(815301076,1909f56bfc062723c751e8b465ee728b)
Start importing Assets/Free Pixel Space Platform Pack/Spikes/Spike_01.png using Guid(2bf6f07b07a95fa4b82d50ebaa4d46c2) Importer(815301076,1909f56bfc062723c751e8b465ee728b)  -> (artifact id: 'ffe1a46df0bede80dcf4c61ab485f646') in 0.014788 seconds 
  Import took 0.018541 seconds .

========================================================================
Received Import Request.
  Time since last request: 0.015655 seconds.
  path: Assets/Free Pixel Space Platform Pack/Plants/GrassUp.png
  artifactKey: Guid(c33597f3b548250438320bd772ebb30e) Importer(815301076,1909f56bfc062723c751e8b465ee728b)
Start importing Assets/Free Pixel Space Platform Pack/Plants/GrassUp.png using Guid(c33597f3b548250438320bd772ebb30e) Importer(815301076,1909f56bfc062723c751e8b465ee728b)  -> (artifact id: '9dc423c68d0fabfa05482c38c74c3687') in 0.012423 seconds 
  Import took 0.015841 seconds .

========================================================================
Received Import Request.
  Time since last request: 0.004706 seconds.
  path: Assets/Free Pixel Space Platform Pack/Portal/PortalOn.png
  artifactKey: Guid(a250755ac1951bb4fa0ea9b06a3408a8) Importer(815301076,1909f56bfc062723c751e8b465ee728b)
Start importing Assets/Free Pixel Space Platform Pack/Portal/PortalOn.png using Guid(a250755ac1951bb4fa0ea9b06a3408a8) Importer(815301076,1909f56bfc062723c751e8b465ee728b)  -> (artifact id: '5d37660a25d57ad8f60c9f6c449ca18b') in 0.013100 seconds 
  Import took 0.016679 seconds .

========================================================================
Received Import Request.
  Time since last request: 0.004550 seconds.
  path: Assets/Free Pixel Space Platform Pack/Tiles/TileBack.png
  artifactKey: Guid(a1aa568a921b5c542a627167f51b1f4d) Importer(815301076,1909f56bfc062723c751e8b465ee728b)
Start importing Assets/Free Pixel Space Platform Pack/Tiles/TileBack.png using Guid(a1aa568a921b5c542a627167f51b1f4d) Importer(815301076,1909f56bfc062723c751e8b465ee728b)  -> (artifact id: '48e82185d70334591f436adb1737a6d2') in 0.011977 seconds 
  Import took 0.015422 seconds .

========================================================================
Received Import Request.
  Time since last request: 0.014830 seconds.
  path: Assets/Free Pixel Space Platform Pack/Spikes/Spike_05.png
  artifactKey: Guid(787eeb44b2cc7a347be0f5bcae610819) Importer(815301076,1909f56bfc062723c751e8b465ee728b)
Start importing Assets/Free Pixel Space Platform Pack/Spikes/Spike_05.png using Guid(787eeb44b2cc7a347be0f5bcae610819) Importer(815301076,1909f56bfc062723c751e8b465ee728b)  -> (artifact id: '8585466b7a4e4b661292063fa5c00ee2') in 0.012396 seconds 
  Import took 0.015674 seconds .

========================================================================
Received Import Request.
  Time since last request: 0.004934 seconds.
  path: Assets/Free Pixel Space Platform Pack/Spikes/Spike_02.png
  artifactKey: Guid(dddd89db6df12524186d273282174949) Importer(815301076,1909f56bfc062723c751e8b465ee728b)
Start importing Assets/Free Pixel Space Platform Pack/Spikes/Spike_02.png using Guid(dddd89db6df12524186d273282174949) Importer(815301076,1909f56bfc062723c751e8b465ee728b)  -> (artifact id: '87c86f743c441cc2a6b047b0aeba14f7') in 0.012391 seconds 
  Import took 0.015721 seconds .

========================================================================
Received Import Request.
  Time since last request: 0.005167 seconds.
  path: Assets/Free Pixel Space Platform Pack/Plants/GrassDown_01.png
  artifactKey: Guid(88ef4bfdabca9e644a0a8f1e0c592cba) Importer(815301076,1909f56bfc062723c751e8b465ee728b)
Start importing Assets/Free Pixel Space Platform Pack/Plants/GrassDown_01.png using Guid(88ef4bfdabca9e644a0a8f1e0c592cba) Importer(815301076,1909f56bfc062723c751e8b465ee728b)  -> (artifact id: 'b4ae7723948cc1d062055629bac9c7cf') in 0.013761 seconds 
  Import took 0.017073 seconds .

========================================================================
Received Import Request.
  Time since last request: 0.004549 seconds.
  path: Assets/Free Pixel Space Platform Pack/Tiles/TileUpRight.png
  artifactKey: Guid(1823a931f6945c54086916081c699694) Importer(815301076,1909f56bfc062723c751e8b465ee728b)
Start importing Assets/Free Pixel Space Platform Pack/Tiles/TileUpRight.png using Guid(1823a931f6945c54086916081c699694) Importer(815301076,1909f56bfc062723c751e8b465ee728b)  -> (artifact id: 'b5a45ef6143546c7026356d993b1dd62') in 0.012864 seconds 
  Import took 0.016442 seconds .

========================================================================
Received Import Request.
  Time since last request: 0.004586 seconds.
  path: Assets/Free Pixel Space Platform Pack/Stones/Stone_03.png
  artifactKey: Guid(531796e321c43e9488fc22ad89f3921f) Importer(815301076,1909f56bfc062723c751e8b465ee728b)
Start importing Assets/Free Pixel Space Platform Pack/Stones/Stone_03.png using Guid(531796e321c43e9488fc22ad89f3921f) Importer(815301076,1909f56bfc062723c751e8b465ee728b)  -> (artifact id: '1b17af47a4edc61c7e6a35369b021933') in 0.012387 seconds 
  Import took 0.016045 seconds .

========================================================================
Received Import Request.
  Time since last request: 0.003499 seconds.
  path: Assets/Free Pixel Space Platform Pack/Crystals
  artifactKey: Guid(c2cd175370d288f419127e24904d4b6b) Importer(815301076,1909f56bfc062723c751e8b465ee728b)
Start importing Assets/Free Pixel Space Platform Pack/Crystals using Guid(c2cd175370d288f419127e24904d4b6b) Importer(815301076,1909f56bfc062723c751e8b465ee728b)  -> (artifact id: 'ef1834838a3a8d52054c13e6d5f08c24') in 0.006024 seconds 
  Import took 0.009219 seconds .

========================================================================
Received Import Request.
  Time since last request: 0.005094 seconds.
  path: Assets/Free Pixel Space Platform Pack/Tiles/TileLeftDown.png
  artifactKey: Guid(5f34e21b0e293934bab9c47e1b2f6118) Importer(815301076,1909f56bfc062723c751e8b465ee728b)
Start importing Assets/Free Pixel Space Platform Pack/Tiles/TileLeftDown.png using Guid(5f34e21b0e293934bab9c47e1b2f6118) Importer(815301076,1909f56bfc062723c751e8b465ee728b)  -> (artifact id: 'bda0d50bc3132872ff5f7fc5e2e94d39') in 0.012786 seconds 
  Import took 0.016154 seconds .

========================================================================
Received Import Request.
  Time since last request: 0.011773 seconds.
  path: Assets/Free Pixel Space Platform Pack/Spikes
  artifactKey: Guid(3405c78618e70e046ad682c8c06c4342) Importer(815301076,1909f56bfc062723c751e8b465ee728b)
Start importing Assets/Free Pixel Space Platform Pack/Spikes using Guid(3405c78618e70e046ad682c8c06c4342) Importer(815301076,1909f56bfc062723c751e8b465ee728b)  -> (artifact id: '40aab10b154a7513bbb8a6f0cbc17bcb') in 0.005252 seconds 
  Import took 0.008475 seconds .

========================================================================
Received Import Request.
  Time since last request: 0.004294 seconds.
  path: Assets/Free Pixel Space Platform Pack/Tiles/TileRight.png
  artifactKey: Guid(8b819abfb4eeafe45a4667aa149e8ebc) Importer(815301076,1909f56bfc062723c751e8b465ee728b)
Start importing Assets/Free Pixel Space Platform Pack/Tiles/TileRight.png using Guid(8b819abfb4eeafe45a4667aa149e8ebc) Importer(815301076,1909f56bfc062723c751e8b465ee728b)  -> (artifact id: '5da78f88783fceba99f1e7353b6ca131') in 0.013491 seconds 
  Import took 0.016735 seconds .

========================================================================
Received Import Request.
  Time since last request: 0.004958 seconds.
  path: Assets/Free Pixel Space Platform Pack/Plants/GrassDown_02.png
  artifactKey: Guid(058550cb77f069e4396c1ed3b73b21d1) Importer(815301076,1909f56bfc062723c751e8b465ee728b)
Start importing Assets/Free Pixel Space Platform Pack/Plants/GrassDown_02.png using Guid(058550cb77f069e4396c1ed3b73b21d1) Importer(815301076,1909f56bfc062723c751e8b465ee728b)  -> (artifact id: 'a066a7f18926a95b44a7d1dbb179a15c') in 0.012393 seconds 
  Import took 0.015727 seconds .

========================================================================
Received Import Request.
  Time since last request: 0.013365 seconds.
  path: Assets/Free Pixel Space Platform Pack/Tiles/TileRightDown.png
  artifactKey: Guid(3f60caf1034881949921abac5e6ce960) Importer(815301076,1909f56bfc062723c751e8b465ee728b)
Start importing Assets/Free Pixel Space Platform Pack/Tiles/TileRightDown.png using Guid(3f60caf1034881949921abac5e6ce960) Importer(815301076,1909f56bfc062723c751e8b465ee728b)  -> (artifact id: '543b9faa6cd35a07381d081e171f74ad') in 0.012310 seconds 
  Import took 0.015702 seconds .

========================================================================
Received Import Request.
  Time since last request: 0.003137 seconds.
  path: Assets/Free Pixel Space Platform Pack/Portal
  artifactKey: Guid(04174a520acdf614392a06beff124411) Importer(815301076,1909f56bfc062723c751e8b465ee728b)
Start importing Assets/Free Pixel Space Platform Pack/Portal using Guid(04174a520acdf614392a06beff124411) Importer(815301076,1909f56bfc062723c751e8b465ee728b)  -> (artifact id: '15c319fdd5adb68a22e6f6b2eadb472b') in 0.004990 seconds 
  Import took 0.008130 seconds .

========================================================================
Received Import Request.
  Time since last request: 0.004458 seconds.
  path: Assets/Free Pixel Space Platform Pack/Tiles/TileUpDown.png
  artifactKey: Guid(84c1461c959bb7d498afda3d0f38f5aa) Importer(815301076,1909f56bfc062723c751e8b465ee728b)
Start importing Assets/Free Pixel Space Platform Pack/Tiles/TileUpDown.png using Guid(84c1461c959bb7d498afda3d0f38f5aa) Importer(815301076,1909f56bfc062723c751e8b465ee728b)  -> (artifact id: 'cc6e10d363283a7d0adb90c61de4fec9') in 0.012556 seconds 
  Import took 0.015892 seconds .

========================================================================
Received Import Request.
  Time since last request: 0.004538 seconds.
  path: Assets/Free Pixel Space Platform Pack/Plants/VioletTree_02.png
  artifactKey: Guid(f54556ea2c55aef46af457e96846a98c) Importer(815301076,1909f56bfc062723c751e8b465ee728b)
Start importing Assets/Free Pixel Space Platform Pack/Plants/VioletTree_02.png using Guid(f54556ea2c55aef46af457e96846a98c) Importer(815301076,1909f56bfc062723c751e8b465ee728b)  -> (artifact id: '7df8f34bfbe2aa52432c36f986b9df25') in 0.012641 seconds 
  Import took 0.015873 seconds .

========================================================================
Received Import Request.
  Time since last request: 0.004544 seconds.
  path: Assets/Free Pixel Space Platform Pack/Plants/GreenBush.png
  artifactKey: Guid(da20a98f295c37f45a640ed110f4cc95) Importer(815301076,1909f56bfc062723c751e8b465ee728b)
Start importing Assets/Free Pixel Space Platform Pack/Plants/GreenBush.png using Guid(da20a98f295c37f45a640ed110f4cc95) Importer(815301076,1909f56bfc062723c751e8b465ee728b)  -> (artifact id: '2913e275ccfe0dc1688e29819144afde') in 0.012222 seconds 
  Import took 0.015442 seconds .

========================================================================
Received Import Request.
  Time since last request: 0.005381 seconds.
  path: Assets/Free Pixel Space Platform Pack/Tiles/TileLeftRight.png
  artifactKey: Guid(43328411098f27d4dbe577fd4b4d9f15) Importer(815301076,1909f56bfc062723c751e8b465ee728b)
Start importing Assets/Free Pixel Space Platform Pack/Tiles/TileLeftRight.png using Guid(43328411098f27d4dbe577fd4b4d9f15) Importer(815301076,1909f56bfc062723c751e8b465ee728b)  -> (artifact id: '48368ee138217d391ced2f42c7cdbafc') in 0.012509 seconds 
  Import took 0.015809 seconds .

========================================================================
Received Import Request.
  Time since last request: 0.005392 seconds.
  path: Assets/Free Pixel Space Platform Pack/Tiles/TileLeftUp.png
  artifactKey: Guid(ff793d54fae323941b4955f1ab01f702) Importer(815301076,1909f56bfc062723c751e8b465ee728b)
Start importing Assets/Free Pixel Space Platform Pack/Tiles/TileLeftUp.png using Guid(ff793d54fae323941b4955f1ab01f702) Importer(815301076,1909f56bfc062723c751e8b465ee728b)  -> (artifact id: '57d8a6df7d6d8d61c66e077ee07c4495') in 0.013640 seconds 
  Import took 0.016934 seconds .

========================================================================
Received Import Request.
  Time since last request: 0.024085 seconds.
  path: Assets/Free Pixel Space Platform Pack/Portal/PortalOff.png
  artifactKey: Guid(ecb1aaf3f627cd44e80d674bfd9228f2) Importer(815301076,1909f56bfc062723c751e8b465ee728b)
Start importing Assets/Free Pixel Space Platform Pack/Portal/PortalOff.png using Guid(ecb1aaf3f627cd44e80d674bfd9228f2) Importer(815301076,1909f56bfc062723c751e8b465ee728b)  -> (artifact id: '49518a531b79baa38f33969b2d32440d') in 0.012520 seconds 
  Import took 0.015805 seconds .

========================================================================
Received Import Request.
  Time since last request: 0.004882 seconds.
  path: Assets/Free Pixel Space Platform Pack/Stones/Stone_02.png
  artifactKey: Guid(c4c9f83e178f8a743bb8e5099c83ffda) Importer(815301076,1909f56bfc062723c751e8b465ee728b)
Start importing Assets/Free Pixel Space Platform Pack/Stones/Stone_02.png using Guid(c4c9f83e178f8a743bb8e5099c83ffda) Importer(815301076,1909f56bfc062723c751e8b465ee728b)  -> (artifact id: '99d95d9d3c29c2f938d832e88fd42397') in 0.012512 seconds 
  Import took 0.015753 seconds .

========================================================================
Received Import Request.
  Time since last request: 0.004659 seconds.
  path: Assets/Free Pixel Space Platform Pack/Tiles/TileForward.png
  artifactKey: Guid(046b0256d2fa2c64fb3a7689fffbaf3f) Importer(815301076,1909f56bfc062723c751e8b465ee728b)
Start importing Assets/Free Pixel Space Platform Pack/Tiles/TileForward.png using Guid(046b0256d2fa2c64fb3a7689fffbaf3f) Importer(815301076,1909f56bfc062723c751e8b465ee728b)  -> (artifact id: 'a9f8f7c3144f92b2af1734ef0f928e3f') in 0.011833 seconds 
  Import took 0.015093 seconds .

========================================================================
Received Import Request.
  Time since last request: 0.012792 seconds.
  path: Assets/Free Pixel Space Platform Pack/Scene
  artifactKey: Guid(ccb8ab6fba174a64ca0db8221f32a86c) Importer(815301076,1909f56bfc062723c751e8b465ee728b)
Start importing Assets/Free Pixel Space Platform Pack/Scene using Guid(ccb8ab6fba174a64ca0db8221f32a86c) Importer(815301076,1909f56bfc062723c751e8b465ee728b)  -> (artifact id: '238d10777fcf82e3f862c114fd7a72a4') in 0.004997 seconds 
  Import took 0.008139 seconds .

========================================================================
Received Import Request.
  Time since last request: 0.004766 seconds.
  path: Assets/Scripts/PlayerController.cs
  artifactKey: Guid(275ef0a18d71b57458a249cc15a4beaa) Importer(815301076,1909f56bfc062723c751e8b465ee728b)
Start importing Assets/Scripts/PlayerController.cs using Guid(275ef0a18d71b57458a249cc15a4beaa) Importer(815301076,1909f56bfc062723c751e8b465ee728b)  -> (artifact id: '001e5f8499399df0234a4d64beb94ed4') in 0.007428 seconds 
  Import took 0.010853 seconds .

AssetImportWorkerClient::OnTransportError - code=2 error=End of file
